SF:lib/purchasely_flutter.dart
DA:24,1
DA:29,0
DA:32,0
DA:34,0
DA:36,0
DA:37,0
DA:38,0
DA:39,0
DA:40,0
DA:41,0
DA:43,0
DA:44,0
DA:45,0
DA:46,0
DA:53,0
DA:55,0
DA:57,0
DA:60,0
DA:65,1
DA:66,1
DA:68,1
DA:70,1
DA:72,1
DA:74,1
DA:76,1
DA:78,1
DA:80,1
DA:82,1
DA:85,2
DA:89,1
DA:96,2
DA:101,1
DA:102,1
DA:106,1
DA:109,2
DA:115,1
DA:118,1
DA:122,2
DA:123,1
DA:126,3
DA:127,2
DA:130,2
DA:137,2
DA:145,1
DA:147,1
DA:148,1
DA:149,1
DA:153,1
DA:155,1
DA:156,1
DA:157,1
DA:161,0
DA:166,0
DA:171,0
DA:172,0
DA:175,0
DA:180,0
DA:185,0
DA:186,0
DA:189,0
DA:195,0
DA:202,0
DA:204,0
DA:205,0
DA:208,0
DA:214,0
DA:220,0
DA:221,0
DA:224,1
DA:225,1
DA:229,1
DA:231,1
DA:235,1
DA:236,1
DA:239,1
DA:240,1
DA:244,1
DA:246,2
DA:250,1
DA:251,1
DA:254,1
DA:255,1
DA:256,2
DA:260,1
DA:261,1
DA:262,1
DA:265,1
DA:267,2
DA:270,1
DA:271,1
DA:274,1
DA:275,1
DA:276,1
DA:277,1
DA:278,5
DA:279,1
DA:280,4
DA:283,1
DA:284,1
DA:285,1
DA:286,1
DA:289,1
DA:291,1
DA:292,1
DA:299,1
DA:301,1
DA:302,1
DA:310,1
DA:311,1
DA:312,1
DA:313,2
DA:314,1
DA:315,1
DA:316,4
DA:317,2
DA:318,4
DA:323,1
DA:324,1
DA:327,1
DA:328,1
DA:331,1
DA:333,1
DA:335,1
DA:336,2
DA:337,1
DA:340,1
DA:341,2
DA:342,1
DA:344,3
DA:345,4
DA:348,2
DA:349,1
DA:350,2
DA:351,1
DA:352,1
DA:353,2
DA:363,1
DA:365,1
DA:367,1
DA:368,2
DA:369,1
DA:372,1
DA:373,2
DA:374,1
DA:376,3
DA:377,4
DA:380,2
DA:381,1
DA:382,2
DA:383,1
DA:384,1
DA:385,2
DA:387,1
DA:388,1
DA:389,1
DA:390,1
DA:396,1
DA:397,1
DA:398,1
DA:401,0
DA:402,0
DA:406,0
DA:408,0
DA:411,0
DA:412,0
DA:416,0
DA:417,0
DA:420,0
DA:421,0
DA:422,0
DA:426,0
DA:427,0
DA:430,1
DA:431,1
DA:432,2
DA:435,0
DA:438,0
DA:439,0
DA:440,0
DA:441,0
DA:442,0
DA:445,0
DA:447,0
DA:448,0
DA:449,0
DA:451,0
DA:453,0
DA:454,0
DA:455,0
DA:456,0
DA:457,0
DA:458,0
DA:460,0
DA:461,0
DA:463,0
DA:464,0
DA:465,0
DA:466,0
DA:467,0
DA:469,0
DA:471,0
DA:472,0
DA:473,0
DA:474,0
DA:475,0
DA:478,0
DA:481,1
DA:482,1
DA:483,1
DA:486,1
DA:487,1
DA:490,1
DA:491,1
DA:494,1
DA:495,1
DA:498,1
DA:499,1
DA:503,1
DA:504,1
DA:506,1
DA:510,1
DA:511,1
DA:514,1
DA:517,2
DA:521,1
DA:525,1
DA:528,2
DA:532,1
DA:536,1
DA:539,2
DA:543,1
DA:547,1
DA:550,2
DA:554,1
DA:558,1
DA:562,2
DA:566,1
DA:570,1
DA:573,2
DA:577,1
DA:581,1
DA:585,2
DA:589,1
DA:593,1
DA:597,2
DA:601,1
DA:605,1
DA:608,5
DA:609,3
DA:610,1
DA:611,2
DA:613,1
DA:615,1
DA:619,1
DA:623,2
DA:627,1
DA:631,1
DA:635,2
DA:639,1
DA:643,1
DA:645,2
DA:648,1
DA:656,1
DA:658,1
DA:660,2
DA:663,1
DA:667,1
DA:671,1
DA:672,2
DA:675,1
DA:676,1
DA:679,1
DA:680,1
DA:683,0
DA:684,0
DA:685,0
DA:687,0
DA:689,0
DA:690,0
DA:695,0
DA:696,0
DA:697,0
DA:699,0
DA:701,0
DA:702,0
DA:707,1
DA:709,3
DA:712,1
DA:713,2
DA:714,1
DA:715,1
DA:716,1
DA:720,1
DA:721,1
DA:722,1
DA:725,1
DA:726,1
DA:727,1
DA:730,1
DA:731,1
DA:734,1
DA:737,3
DA:738,1
DA:739,1
DA:740,1
DA:743,1
DA:744,1
DA:745,1
DA:750,1
DA:751,1
DA:755,2
DA:757,1
DA:759,1
DA:760,1
DA:761,1
DA:762,1
DA:764,1
DA:765,1
DA:766,1
DA:767,1
DA:768,1
DA:769,1
DA:770,1
DA:771,1
DA:772,1
DA:773,1
DA:774,1
DA:775,1
DA:778,1
DA:779,1
DA:781,1
DA:782,1
DA:783,1
DA:787,1
DA:789,1
DA:791,1
DA:792,1
DA:793,1
DA:794,1
DA:795,1
DA:799,1
DA:801,1
DA:805,2
DA:807,0
DA:810,1
DA:811,5
DA:812,2
DA:813,1
DA:815,1
DA:816,3
DA:817,1
DA:820,1
DA:821,1
DA:822,1
DA:823,1
DA:824,1
DA:825,1
DA:826,1
DA:827,1
DA:833,2
DA:835,2
DA:837,3
DA:838,3
DA:839,3
DA:840,3
DA:841,3
DA:842,3
DA:843,4
DA:854,1
DA:856,2
DA:858,1
DA:860,2
DA:862,1
DA:863,2
DA:864,1
DA:865,1
DA:868,2
DA:872,2
DA:873,1
DA:878,1
DA:882,1
DA:883,5
DA:885,0
DA:888,1
DA:889,4
DA:890,1
DA:891,1
DA:892,1
DA:893,1
DA:894,1
DA:895,1
DA:896,1
DA:897,1
DA:898,1
DA:899,1
DA:900,1
DA:901,1
DA:902,1
DA:903,1
DA:904,1
DA:905,1
DA:906,1
DA:907,1
DA:908,1
DA:909,1
DA:911,1
DA:912,3
DA:913,1
DA:914,2
DA:915,1
DA:916,1
DA:918,1
DA:919,1
DA:923,1
DA:924,4
DA:925,3
DA:927,1
DA:928,3
DA:929,1
DA:930,1
DA:931,3
DA:932,1
DA:934,1
DA:935,1
DA:937,1
DA:938,1
DA:939,1
DA:940,1
DA:942,1
DA:943,1
DA:944,1
DA:945,1
DA:946,1
DA:947,1
DA:948,1
DA:950,1
DA:951,1
DA:952,1
DA:953,1
DA:954,1
DA:955,1
DA:956,1
DA:957,1
DA:958,1
DA:959,1
DA:961,1
DA:964,1
DA:968,1
DA:971,1
DA:973,1
DA:978,1
DA:981,1
DA:983,1
DA:985,1
DA:987,1
DA:989,1
DA:991,1
DA:1162,2
DA:1185,1
DA:1194,1
DA:1203,1
DA:1212,2
DA:1215,1
DA:1216,1
DA:1217,1
DA:1218,1
DA:1219,1
DA:1220,1
DA:1237,2
DA:1249,1
DA:1250,1
DA:1251,1
DA:1252,1
DA:1253,1
DA:1254,1
DA:1255,1
DA:1256,1
DA:1257,1
DA:1258,2
DA:1259,5
DA:1260,1
DA:1277,1
DA:1294,2
DA:1302,1
DA:1317,1
DA:1337,1
DA:1361,1
DA:1387,1
DA:1422,1
DA:1462,1
DA:1470,1
DA:1485,1
DA:1487,2
DA:1488,1
DA:1489,1
DA:1490,1
DA:1493,1
DA:1495,4
LF:498
LH:406
end_of_record
SF:lib/native_view_widget.dart
DA:17,2
DA:25,1
DA:27,1
DA:28,2
DA:29,1
DA:30,1
DA:31,1
DA:34,1
DA:35,1
DA:36,0
DA:37,0
DA:38,0
DA:42,0
DA:43,0
DA:44,0
DA:45,0
DA:46,0
DA:47,0
DA:48,0
DA:49,0
DA:51,0
DA:55,1
DA:56,0
DA:57,0
DA:58,0
DA:59,0
DA:62,0
DA:63,0
DA:64,0
DA:65,0
DA:66,0
DA:67,0
DA:68,0
DA:69,0
DA:71,0
DA:77,3
LF:36
LH:11
end_of_record
